Count: 1  Time=0.00s (0s)  Lock=0.00s (0s)  Rows=0.0 (0), root[root]@localhost
  CREATE TABLE IF NOT EXISTS `users` (
  `id` int NOT NULL AUTO_INCREMENT PRIMARY KEY,
  `login` varchar(N) NOT NULL UNIQUE,
  `password_hash` varchar(N) NOT NULL,
  `salt` varchar(N) NOT NULL
  ) DEFAULT CHARSET=utf8

Count: 2  Time=0.00s (0s)  Lock=0.00s (0s)  Rows=1.0 (2), root[root]@localhost
  select @@version_comment limit N

Count: 1  Time=0.00s (0s)  Lock=0.00s (0s)  Rows=0.0 (0), root[root]@localhost
  CREATE DATABASE isu4_qualifier

Count: 1  Time=0.00s (0s)  Lock=0.00s (0s)  Rows=0.0 (0), root[root]@localhost
  DROP DATABASE IF EXISTS isu4_qualifier

Count: 1  Time=0.00s (0s)  Lock=0.00s (0s)  Rows=0.0 (0), root[root]@localhost
  CREATE TABLE IF NOT EXISTS `login_log` (
  `id` bigint NOT NULL AUTO_INCREMENT PRIMARY KEY,
  `created_at` datetime NOT NULL,
  `user_id` int,
  `login` varchar(N) NOT NULL,
  `ip` varchar(N) NOT NULL,
  `succeeded` tinyint NOT NULL
  KEY succeeded_user_id_id_key (`succeeded`, `user_id`, `id`),
  ) DEFAULT CHARSET=utf8

Count: 2  Time=0.00s (0s)  Lock=0.00s (0s)  Rows=0.0 (0), [UNKNOWN_MYSQL_USER]@localhost
  #

Count: 1  Time=0.00s (0s)  Lock=0.00s (0s)  Rows=0.0 (0), 0users@0hosts
  administrator command: Ping

Count: 1  Time=0.00s (0s)  Lock=0.00s (0s)  Rows=0.0 (0), 0users@0hosts
  administrator command: Quit

